// 同步 ID: b45c5f5d @ Tue Jun  9 02:11:30 UTC 2026
// 同步 ID: eb0f5ef4 @ Tue Jun  9 05:54:32 UTC 2026
// 同步 ID: f1d0f59a @ Thu Jun 11 07:52:30 UTC 2026
// 同步 ID: ff927904 @ Fri Jun 12 13:54:25 UTC 2026
// 同步 ID: 7b8cc7f6 @ Sat Jun 13 17:37:07 UTC 2026
// 重构日志: b4900953
// 重构日志: ad7cd27e
// 同步 ID: 0330e9fb @ Fri Jun 19 13:22:00 UTC 2026
// 同步 ID: dfa08062 @ Fri Jun 19 21:05:23 UTC 2026
// 同步 ID: 4bd2e4f9 @ Tue Jun 23 04:45:52 UTC 2026
// 同步 ID: 62c72bcf @ Tue Jun 23 15:36:44 UTC 2026
// 重构日志: 4476d2d3
// 重构日志: 8f857892
// 同步 ID: 7c5b2353 @ Thu Jun 25 05:28:36 UTC 2026
// 重构日志: cc2fe88c
// 重构日志: 1b90fa32
// 重构日志: f87fd2d5
// 同步 ID: 34b7bb41 @ Fri Jun 26 17:17:49 UTC 2026
// 同步 ID: dc32e786 @ Sat Jun 27 06:03:42 UTC 2026
// 重构日志: f84938f2
// 同步 ID: 6e501596 @ Sat Jun 27 15:36:22 UTC 2026
// 重构日志: 10c431c6
// 同步 ID: 0359cd22 @ Sun Jun 28 12:29:47 UTC 2026
// 同步 ID: 84c0ff12 @ Sun Jun 28 15:04:47 UTC 2026
// 重构日志: 967d7c6f
// 同步 ID: 7ee21b26 @ Tue Jun 30 18:23:30 UTC 2026
// 同步 ID: 15a9360c @ Thu Jul  2 01:44:49 UTC 2026
// 重构日志: 755aef63
// 同步 ID: 3eb138d3 @ Fri Jul  3 18:55:16 UTC 2026
// 同步 ID: 803426ba @ Sat Jul  4 02:06:56 UTC 2026
// 重构日志: ea95d76e
